# JRE version: OpenJDK Runtime Environment (8.0_202-b03) (build 1.8.0_202-release-1483-b03)
# Java VM: OpenJDK 64-Bit Server VM (25.202-b03 mixed mode windows-amd64 compressed oops)
Heap:
 PSYoungGen      total 144896K, used 45259K [0x00000000e0000000, 0x00000000ed080000, 0x0000000100000000)
  eden space 131584K, 34% used [0x00000000e0000000,0x00000000e2c32ef8,0x00000000e8080000)
  from space 13312K, 0% used [0x00000000e8d00000,0x00000000e8d00000,0x00000000e9a00000)
  to   space 12800K, 0% used [0x00000000e8080000,0x00000000e8080000,0x00000000e8d00000)
 ParOldGen       total 115712K, used 15921K [0x00000000a0000000, 0x00000000a7100000, 0x00000000e0000000)
  object space 115712K, 13% used [0x00000000a0000000,0x00000000a0f8c650,0x00000000a7100000)
 Metaspace       used 40977K, capacity 41842K, committed 42280K, reserved 1085440K
  class space    used 5544K, capacity 5825K, committed 5928K, reserved 1048576K
GC Heap History (10 events):
Event: 4.345 GC heap before
{Heap before GC invocations=4 (full 1):
 PSYoungGen      total 76288K, used 10730K [0x00000000e0000000, 0x00000000e9500000, 0x0000000100000000)
  eden space 65536K, 0% used [0x00000000e0000000,0x00000000e0000000,0x00000000e4000000)
  from space 10752K, 99% used [0x00000000e4000000,0x00000000e4a7a8f0,0x00000000e4a80000)
  to   space 10752K, 0% used [0x00000000e8a80000,0x00000000e8a80000,0x00000000e9500000)
 ParOldGen       total 175104K, used 736K [0x00000000a0000000, 0x00000000aab00000, 0x00000000e0000000)
  object space 175104K, 0% used [0x00000000a0000000,0x00000000a00b81b0,0x00000000aab00000)
 Metaspace       used 20703K, capacity 21150K, committed 21296K, reserved 1067008K
  class space    used 2955K, capacity 3119K, committed 3200K, reserved 1048576K
Event: 4.408 GC heap after
Heap after GC invocations=4 (full 1):
 PSYoungGen      total 76288K, used 0K [0x00000000e0000000, 0x00000000e9500000, 0x0000000100000000)
  eden space 65536K, 0% used [0x00000000e0000000,0x00000000e0000000,0x00000000e4000000)
  from space 10752K, 0% used [0x00000000e4000000,0x00000000e4000000,0x00000000e4a80000)
  to   space 10752K, 0% used [0x00000000e8a80000,0x00000000e8a80000,0x00000000e9500000)
 ParOldGen       total 115712K, used 11005K [0x00000000a0000000, 0x00000000a7100000, 0x00000000e0000000)
  object space 115712K, 9% used [0x00000000a0000000,0x00000000a0abf680,0x00000000a7100000)
 Metaspace       used 20703K, capacity 21150K, committed 21296K, reserved 1067008K
  class space    used 2955K, capacity 3119K, committed 3200K, reserved 1048576K
}
Event: 5.814 GC heap before
{Heap before GC invocations=5 (full 1):
 PSYoungGen      total 76288K, used 65536K [0x00000000e0000000, 0x00000000e9500000, 0x0000000100000000)
  eden space 65536K, 100% used [0x00000000e0000000,0x00000000e4000000,0x00000000e4000000)
  from space 10752K, 0% used [0x00000000e4000000,0x00000000e4000000,0x00000000e4a80000)
  to   space 10752K, 0% used [0x00000000e8a80000,0x00000000e8a80000,0x00000000e9500000)
 ParOldGen       total 115712K, used 11005K [0x00000000a0000000, 0x00000000a7100000, 0x00000000e0000000)
  object space 115712K, 9% used [0x00000000a0000000,0x00000000a0abf680,0x00000000a7100000)
 Metaspace       used 28965K, capacity 29490K, committed 29696K, reserved 1075200K
  class space    used 3909K, capacity 4096K, committed 4096K, reserved 1048576K
Event: 5.826 GC heap after
Heap after GC invocations=5 (full 1):
 PSYoungGen      total 100352K, used 8049K [0x00000000e0000000, 0x00000000e9280000, 0x0000000100000000)
  eden space 92160K, 0% used [0x00000000e0000000,0x00000000e0000000,0x00000000e5a00000)
  from space 8192K, 98% used [0x00000000e8a80000,0x00000000e925c738,0x00000000e9280000)
  to   space 10752K, 0% used [0x00000000e7d80000,0x00000000e7d80000,0x00000000e8800000)
 ParOldGen       total 115712K, used 11013K [0x00000000a0000000, 0x00000000a7100000, 0x00000000e0000000)
  object space 115712K, 9% used [0x00000000a0000000,0x00000000a0ac1680,0x00000000a7100000)
 Metaspace       used 28965K, capacity 29490K, committed 29696K, reserved 1075200K
  class space    used 3909K, capacity 4096K, committed 4096K, reserved 1048576K
}
Event: 6.984 GC heap before
{Heap before GC invocations=6 (full 1):
 PSYoungGen      total 100352K, used 100209K [0x00000000e0000000, 0x00000000e9280000, 0x0000000100000000)
  eden space 92160K, 100% used [0x00000000e0000000,0x00000000e5a00000,0x00000000e5a00000)
  from space 8192K, 98% used [0x00000000e8a80000,0x00000000e925c738,0x00000000e9280000)
  to   space 10752K, 0% used [0x00000000e7d80000,0x00000000e7d80000,0x00000000e8800000)
 ParOldGen       total 115712K, used 11013K [0x00000000a0000000, 0x00000000a7100000, 0x00000000e0000000)
  object space 115712K, 9% used [0x00000000a0000000,0x00000000a0ac1680,0x00000000a7100000)
 Metaspace       used 33782K, capacity 34460K, committed 34688K, reserved 1079296K
  class space    used 4657K, capacity 4869K, committed 4992K, reserved 1048576K
Event: 6.998 GC heap after
Heap after GC invocations=6 (full 1):
 PSYoungGen      total 139264K, used 10394K [0x00000000e0000000, 0x00000000e9a00000, 0x0000000100000000)
  eden space 128512K, 0% used [0x00000000e0000000,0x00000000e0000000,0x00000000e7d80000)
  from space 10752K, 96% used [0x00000000e7d80000,0x00000000e87a6b20,0x00000000e8800000)
  to   space 13312K, 0% used [0x00000000e8d00000,0x00000000e8d00000,0x00000000e9a00000)
 ParOldGen       total 115712K, used 11021K [0x00000000a0000000, 0x00000000a7100000, 0x00000000e0000000)
  object space 115712K, 9% used [0x00000000a0000000,0x00000000a0ac3680,0x00000000a7100000)
 Metaspace       used 33782K, capacity 34460K, committed 34688K, reserved 1079296K
  class space    used 4657K, capacity 4869K, committed 4992K, reserved 1048576K
}
Event: 7.703 GC heap before
{Heap before GC invocations=7 (full 1):
 PSYoungGen      total 139264K, used 42219K [0x00000000e0000000, 0x00000000e9a00000, 0x0000000100000000)
  eden space 128512K, 24% used [0x00000000e0000000,0x00000000e1f14290,0x00000000e7d80000)
  from space 10752K, 96% used [0x00000000e7d80000,0x00000000e87a6b20,0x00000000e8800000)
  to   space 13312K, 0% used [0x00000000e8d00000,0x00000000e8d00000,0x00000000e9a00000)
 ParOldGen       total 115712K, used 11021K [0x00000000a0000000, 0x00000000a7100000, 0x00000000e0000000)
  object space 115712K, 9% used [0x00000000a0000000,0x00000000a0ac3680,0x00000000a7100000)
 Metaspace       used 34642K, capacity 35350K, committed 35496K, reserved 1079296K
  class space    used 4787K, capacity 5002K, committed 5032K, reserved 1048576K
Event: 7.716 GC heap after
Heap after GC invocations=7 (full 1):
 PSYoungGen      total 144896K, used 9034K [0x00000000e0000000, 0x00000000ed080000, 0x0000000100000000)
  eden space 131584K, 0% used [0x00000000e0000000,0x00000000e0000000,0x00000000e8080000)
  from space 13312K, 67% used [0x00000000e8d00000,0x00000000e95d2be0,0x00000000e9a00000)
  to   space 12800K, 0% used [0x00000000e8080000,0x00000000e8080000,0x00000000e8d00000)
 ParOldGen       total 115712K, used 11029K [0x00000000a0000000, 0x00000000a7100000, 0x00000000e0000000)
  object space 115712K, 9% used [0x00000000a0000000,0x00000000a0ac5680,0x00000000a7100000)
 Metaspace       used 34642K, capacity 35350K, committed 35496K, reserved 1079296K
  class space    used 4787K, capacity 5002K, committed 5032K, reserved 1048576K
}
Event: 7.716 GC heap before
{Heap before GC invocations=8 (full 2):
 PSYoungGen      total 144896K, used 9034K [0x00000000e0000000, 0x00000000ed080000, 0x0000000100000000)
  eden space 131584K, 0% used [0x00000000e0000000,0x00000000e0000000,0x00000000e8080000)
  from space 13312K, 67% used [0x00000000e8d00000,0x00000000e95d2be0,0x00000000e9a00000)
  to   space 12800K, 0% used [0x00000000e8080000,0x00000000e8080000,0x00000000e8d00000)
 ParOldGen       total 115712K, used 11029K [0x00000000a0000000, 0x00000000a7100000, 0x00000000e0000000)
  object space 115712K, 9% used [0x00000000a0000000,0x00000000a0ac5680,0x00000000a7100000)
 Metaspace       used 34642K, capacity 35350K, committed 35496K, reserved 1079296K
  class space    used 4787K, capacity 5002K, committed 5032K, reserved 1048576K
Event: 7.905 GC heap after
Heap after GC invocations=8 (full 2):
 PSYoungGen      total 144896K, used 0K [0x00000000e0000000, 0x00000000ed080000, 0x0000000100000000)
  eden space 131584K, 0% used [0x00000000e0000000,0x00000000e0000000,0x00000000e8080000)
  from space 13312K, 0% used [0x00000000e8d00000,0x00000000e8d00000,0x00000000e9a00000)
  to   space 12800K, 0% used [0x00000000e8080000,0x00000000e8080000,0x00000000e8d00000)
 ParOldGen       total 115712K, used 15921K [0x00000000a0000000, 0x00000000a7100000, 0x00000000e0000000)
  object space 115712K, 13% used [0x00000000a0000000,0x00000000a0f8c650,0x00000000a7100000)
 Metaspace       used 34621K, capacity 35278K, committed 35496K, reserved 1079296K
  class space    used 4780K, capacity 4990K, committed 5032K, reserved 1048576K
}

