# JRE version: OpenJDK Runtime Environment (8.0_202-b03) (build 1.8.0_202-release-1483-b03)
# Java VM: OpenJDK 64-Bit Server VM (25.202-b03 mixed mode windows-amd64 compressed oops)
Heap:
 PSYoungGen      total 143360K, used 66445K [0x00000000e0000000, 0x00000000eae00000, 0x0000000100000000)
  eden space 110592K, 54% used [0x00000000e0000000,0x00000000e3acb278,0x00000000e6c00000)
  from space 32768K, 19% used [0x00000000e8e00000,0x00000000e9418498,0x00000000eae00000)
  to   space 33792K, 0% used [0x00000000e6c00000,0x00000000e6c00000,0x00000000e8d00000)
 ParOldGen       total 409088K, used 54617K [0x00000000a0000000, 0x00000000b8f80000, 0x00000000e0000000)
  object space 409088K, 13% used [0x00000000a0000000,0x00000000a35566e0,0x00000000b8f80000)
 Metaspace       used 91175K, capacity 97289K, committed 98600K, reserved 1134592K
  class space    used 11711K, capacity 12771K, committed 13096K, reserved 1048576K
GC Heap History (10 events):
Event: 15183.069 GC heap before
{Heap before GC invocations=48 (full 3):
 PSYoungGen      total 138240K, used 120341K [0x00000000e0000000, 0x00000000eaf80000, 0x0000000100000000)
  eden space 102912K, 100% used [0x00000000e0000000,0x00000000e6480000,0x00000000e6480000)
  from space 35328K, 49% used [0x00000000e8d00000,0x00000000e9e05778,0x00000000eaf80000)
  to   space 38400K, 0% used [0x00000000e6480000,0x00000000e6480000,0x00000000e8a00000)
 ParOldGen       total 302080K, used 95886K [0x00000000a0000000, 0x00000000b2700000, 0x00000000e0000000)
  object space 302080K, 31% used [0x00000000a0000000,0x00000000a5da39f0,0x00000000b2700000)
 Metaspace       used 90748K, capacity 95961K, committed 96152K, reserved 1132544K
  class space    used 11628K, capacity 12613K, committed 12712K, reserved 1048576K
Event: 15183.105 GC heap after
Heap after GC invocations=48 (full 3):
 PSYoungGen      total 141312K, used 11419K [0x00000000e0000000, 0x00000000eb300000, 0x0000000100000000)
  eden space 102912K, 0% used [0x00000000e0000000,0x00000000e0000000,0x00000000e6480000)
  from space 38400K, 29% used [0x00000000e6480000,0x00000000e6fa6ca0,0x00000000e8a00000)
  to   space 36864K, 0% used [0x00000000e8f00000,0x00000000e8f00000,0x00000000eb300000)
 ParOldGen       total 302080K, used 96054K [0x00000000a0000000, 0x00000000b2700000, 0x00000000e0000000)
  object space 302080K, 31% used [0x00000000a0000000,0x00000000a5dcda00,0x00000000b2700000)
 Metaspace       used 90748K, capacity 95961K, committed 96152K, reserved 1132544K
  class space    used 11628K, capacity 12613K, committed 12712K, reserved 1048576K
}
Event: 15453.488 GC heap before
{Heap before GC invocations=49 (full 3):
 PSYoungGen      total 141312K, used 114331K [0x00000000e0000000, 0x00000000eb300000, 0x0000000100000000)
  eden space 102912K, 100% used [0x00000000e0000000,0x00000000e6480000,0x00000000e6480000)
  from space 38400K, 29% used [0x00000000e6480000,0x00000000e6fa6ca0,0x00000000e8a00000)
  to   space 36864K, 0% used [0x00000000e8f00000,0x00000000e8f00000,0x00000000eb300000)
 ParOldGen       total 302080K, used 96054K [0x00000000a0000000, 0x00000000b2700000, 0x00000000e0000000)
  object space 302080K, 31% used [0x00000000a0000000,0x00000000a5dcda00,0x00000000b2700000)
 Metaspace       used 91683K, capacity 98241K, committed 98584K, reserved 1134592K
  class space    used 11822K, capacity 12971K, committed 13096K, reserved 1048576K
Event: 15453.497 GC heap after
Heap after GC invocations=49 (full 3):
 PSYoungGen      total 129024K, used 7552K [0x00000000e0000000, 0x00000000ea980000, 0x0000000100000000)
  eden space 101888K, 0% used [0x00000000e0000000,0x00000000e0000000,0x00000000e6380000)
  from space 27136K, 27% used [0x00000000e8f00000,0x00000000e9660050,0x00000000ea980000)
  to   space 35840K, 0% used [0x00000000e6380000,0x00000000e6380000,0x00000000e8680000)
 ParOldGen       total 302080K, used 96102K [0x00000000a0000000, 0x00000000b2700000, 0x00000000e0000000)
  object space 302080K, 31% used [0x00000000a0000000,0x00000000a5dd9a00,0x00000000b2700000)
 Metaspace       used 91683K, capacity 98241K, committed 98584K, reserved 1134592K
  class space    used 11822K, capacity 12971K, committed 13096K, reserved 1048576K
}
Event: 15453.610 GC heap before
{Heap before GC invocations=50 (full 3):
 PSYoungGen      total 129024K, used 17430K [0x00000000e0000000, 0x00000000ea980000, 0x0000000100000000)
  eden space 101888K, 9% used [0x00000000e0000000,0x00000000e09a5898,0x00000000e6380000)
  from space 27136K, 27% used [0x00000000e8f00000,0x00000000e9660050,0x00000000ea980000)
  to   space 35840K, 0% used [0x00000000e6380000,0x00000000e6380000,0x00000000e8680000)
 ParOldGen       total 302080K, used 96102K [0x00000000a0000000, 0x00000000b2700000, 0x00000000e0000000)
  object space 302080K, 31% used [0x00000000a0000000,0x00000000a5dd9a00,0x00000000b2700000)
 Metaspace       used 91787K, capacity 98519K, committed 98600K, reserved 1134592K
  class space    used 11847K, capacity 13018K, committed 13096K, reserved 1048576K
Event: 15453.617 GC heap after
Heap after GC invocations=50 (full 3):
 PSYoungGen      total 137728K, used 7600K [0x00000000e0000000, 0x00000000eb000000, 0x0000000100000000)
  eden space 101888K, 0% used [0x00000000e0000000,0x00000000e0000000,0x00000000e6380000)
  from space 35840K, 21% used [0x00000000e6380000,0x00000000e6aec168,0x00000000e8680000)
  to   space 34816K, 0% used [0x00000000e8e00000,0x00000000e8e00000,0x00000000eb000000)
 ParOldGen       total 302080K, used 96166K [0x00000000a0000000, 0x00000000b2700000, 0x00000000e0000000)
  object space 302080K, 31% used [0x00000000a0000000,0x00000000a5de9a00,0x00000000b2700000)
 Metaspace       used 91787K, capacity 98519K, committed 98600K, reserved 1134592K
  class space    used 11847K, capacity 13018K, committed 13096K, reserved 1048576K
}
Event: 15453.617 GC heap before
{Heap before GC invocations=51 (full 4):
 PSYoungGen      total 137728K, used 7600K [0x00000000e0000000, 0x00000000eb000000, 0x0000000100000000)
  eden space 101888K, 0% used [0x00000000e0000000,0x00000000e0000000,0x00000000e6380000)
  from space 35840K, 21% used [0x00000000e6380000,0x00000000e6aec168,0x00000000e8680000)
  to   space 34816K, 0% used [0x00000000e8e00000,0x00000000e8e00000,0x00000000eb000000)
 ParOldGen       total 302080K, used 96166K [0x00000000a0000000, 0x00000000b2700000, 0x00000000e0000000)
  object space 302080K, 31% used [0x00000000a0000000,0x00000000a5de9a00,0x00000000b2700000)
 Metaspace       used 91787K, capacity 98519K, committed 98600K, reserved 1134592K
  class space    used 11847K, capacity 13018K, committed 13096K, reserved 1048576K
Event: 15453.985 GC heap after
Heap after GC invocations=51 (full 4):
 PSYoungGen      total 137728K, used 0K [0x00000000e0000000, 0x00000000eb000000, 0x0000000100000000)
  eden space 101888K, 0% used [0x00000000e0000000,0x00000000e0000000,0x00000000e6380000)
  from space 35840K, 0% used [0x00000000e6380000,0x00000000e6380000,0x00000000e8680000)
  to   space 34816K, 0% used [0x00000000e8e00000,0x00000000e8e00000,0x00000000eb000000)
 ParOldGen       total 409088K, used 54609K [0x00000000a0000000, 0x00000000b8f80000, 0x00000000e0000000)
  object space 409088K, 13% used [0x00000000a0000000,0x00000000a35546e0,0x00000000b8f80000)
 Metaspace       used 91014K, capacity 96955K, committed 98600K, reserved 1134592K
  class space    used 11682K, capacity 12716K, committed 13096K, reserved 1048576K
}
Event: 15534.958 GC heap before
{Heap before GC invocations=52 (full 4):
 PSYoungGen      total 137728K, used 101888K [0x00000000e0000000, 0x00000000eb000000, 0x0000000100000000)
  eden space 101888K, 100% used [0x00000000e0000000,0x00000000e6380000,0x00000000e6380000)
  from space 35840K, 0% used [0x00000000e6380000,0x00000000e6380000,0x00000000e8680000)
  to   space 34816K, 0% used [0x00000000e8e00000,0x00000000e8e00000,0x00000000eb000000)
 ParOldGen       total 409088K, used 54609K [0x00000000a0000000, 0x00000000b8f80000, 0x00000000e0000000)
  object space 409088K, 13% used [0x00000000a0000000,0x00000000a35546e0,0x00000000b8f80000)
 Metaspace       used 91165K, capacity 97289K, committed 98600K, reserved 1134592K
  class space    used 11711K, capacity 12771K, committed 13096K, reserved 1048576K
Event: 15534.973 GC heap after
Heap after GC invocations=52 (full 4):
 PSYoungGen      total 143360K, used 6241K [0x00000000e0000000, 0x00000000eae00000, 0x0000000100000000)
  eden space 110592K, 0% used [0x00000000e0000000,0x00000000e0000000,0x00000000e6c00000)
  from space 32768K, 19% used [0x00000000e8e00000,0x00000000e9418498,0x00000000eae00000)
  to   space 33792K, 0% used [0x00000000e6c00000,0x00000000e6c00000,0x00000000e8d00000)
 ParOldGen       total 409088K, used 54617K [0x00000000a0000000, 0x00000000b8f80000, 0x00000000e0000000)
  object space 409088K, 13% used [0x00000000a0000000,0x00000000a35566e0,0x00000000b8f80000)
 Metaspace       used 91165K, capacity 97289K, committed 98600K, reserved 1134592K
  class space    used 11711K, capacity 12771K, committed 13096K, reserved 1048576K
}

